[0m08:10:27.145427 [debug] [MainThread]: Sending event: {'category': 'dbt', 'action': 'invocation', 'label': 'start', 'context': [<snowplow_tracker.self_describing_json.SelfDescribingJson object at 0x7cdf12f4c8f0>, <snowplow_tracker.self_describing_json.SelfDescribingJson object at 0x7cdf12f4f200>, <snowplow_tracker.self_describing_json.SelfDescribingJson object at 0x7cdf12628bc0>]}


============================== 08:10:27.152038 | 932d716e-f209-4d90-90d8-e8f33fc0e547 ==============================
[0m08:10:27.152038 [info ] [MainThread]: Running with dbt=1.9.0
[0m08:10:27.152604 [debug] [MainThread]: running dbt with arguments {'printer_width': '80', 'indirect_selection': 'eager', 'log_cache_events': 'False', 'write_json': 'True', 'partial_parse': 'True', 'cache_selected_only': 'False', 'profiles_dir': '/root/.dbt', 'version_check': 'True', 'fail_fast': 'False', 'log_path': 'logs', 'debug': 'False', 'warn_error': 'None', 'use_colors': 'True', 'use_experimental_parser': 'False', 'empty': 'None', 'quiet': 'False', 'no_print': 'None', 'warn_error_options': 'WarnErrorOptions(include=[], exclude=[])', 'introspect': 'True', 'static_parser': 'True', 'log_format': 'default', 'target_path': 'None', 'invocation_command': 'dbt init my_project', 'send_anonymous_usage_stats': 'True'}
[0m08:10:27.193894 [warn ] [MainThread]: [ConfigFolderDirectory]: Unable to parse logging event dictionary. Failed to parse dir field: expected string or bytes-like object, got 'PosixPath'.. Dictionary: {'dir': PosixPath('/root/.dbt')}
[0m08:10:27.194382 [info ] [MainThread]: Creating dbt configuration folder at 
[0m08:10:27.196111 [debug] [MainThread]: Starter project path: /usr/local/lib/python3.12/site-packages/dbt/include/starter_project
[0m08:10:27.200143 [info ] [MainThread]: 
Your new dbt project "my_project" was created!

For more information on how to configure the profiles.yml file,
please consult the dbt documentation here:

  https://docs.getdbt.com/docs/configure-your-profile

One more thing:

Need help? Don't hesitate to reach out to us via GitHub issues or on Slack:

  https://community.getdbt.com/

Happy modeling!

[0m08:10:27.200461 [info ] [MainThread]: Setting up your profile.
[0m08:12:25.399883 [info ] [MainThread]: Profile my_project written to /root/.dbt/profiles.yml using target's profile_template.yml and your supplied values. Run 'dbt debug' to validate the connection.
[0m08:12:25.401638 [debug] [MainThread]: Resource report: {"command_name": "init", "command_success": true, "command_wall_clock_time": 127.52983, "process_in_blocks": "8", "process_kernel_time": 0.155344, "process_mem_max_rss": "92728", "process_out_blocks": "1544", "process_user_time": 1.093466}
[0m08:12:25.402169 [debug] [MainThread]: Command `dbt init` succeeded at 08:12:25.402062 after 127.53 seconds
[0m08:12:25.402515 [debug] [MainThread]: Sending event: {'category': 'dbt', 'action': 'invocation', 'label': 'end', 'context': [<snowplow_tracker.self_describing_json.SelfDescribingJson object at 0x7cdf142346b0>, <snowplow_tracker.self_describing_json.SelfDescribingJson object at 0x7cdf12762e10>, <snowplow_tracker.self_describing_json.SelfDescribingJson object at 0x7cdf125bb9b0>]}
[0m08:12:25.402859 [debug] [MainThread]: Flushing usage events
[0m08:12:27.220676 [debug] [MainThread]: An error was encountered while trying to flush usage events
[0m08:13:50.121745 [debug] [MainThread]: Sending event: {'category': 'dbt', 'action': 'invocation', 'label': 'start', 'context': [<snowplow_tracker.self_describing_json.SelfDescribingJson object at 0x778eaacbe0c0>, <snowplow_tracker.self_describing_json.SelfDescribingJson object at 0x778eab902060>, <snowplow_tracker.self_describing_json.SelfDescribingJson object at 0x778eaac9fce0>]}


============================== 08:13:50.128575 | ab9eb8e0-2ba0-4a5b-9b59-c74e840756ad ==============================
[0m08:13:50.128575 [info ] [MainThread]: Running with dbt=1.9.0
[0m08:13:50.129057 [debug] [MainThread]: running dbt with arguments {'printer_width': '80', 'indirect_selection': 'eager', 'log_cache_events': 'False', 'write_json': 'True', 'partial_parse': 'True', 'cache_selected_only': 'False', 'warn_error': 'None', 'debug': 'False', 'fail_fast': 'False', 'log_path': 'logs', 'profiles_dir': '/root/.dbt', 'version_check': 'True', 'use_colors': 'True', 'use_experimental_parser': 'False', 'empty': 'None', 'quiet': 'False', 'no_print': 'None', 'log_format': 'default', 'invocation_command': 'dbt debug', 'introspect': 'True', 'warn_error_options': 'WarnErrorOptions(include=[], exclude=[])', 'target_path': 'None', 'static_parser': 'True', 'send_anonymous_usage_stats': 'True'}
[0m08:13:50.172074 [info ] [MainThread]: dbt version: 1.9.0
[0m08:13:50.172469 [info ] [MainThread]: python version: 3.12.4
[0m08:13:50.172721 [info ] [MainThread]: python path: /usr/local/bin/python
[0m08:13:50.172965 [info ] [MainThread]: os info: Linux-6.6.87.2-microsoft-standard-WSL2-x86_64-with-glibc2.31
[0m08:13:50.173548 [info ] [MainThread]: Using profiles dir at /root/.dbt
[0m08:13:50.173903 [info ] [MainThread]: Using profiles.yml file at /root/.dbt/profiles.yml
[0m08:13:50.174240 [info ] [MainThread]: Using dbt_project.yml file at /usr/app/dbt_project.yml
[0m08:13:50.174814 [info ] [MainThread]: Configuration:
[0m08:13:50.175241 [info ] [MainThread]:   profiles.yml file [[31mERROR not found[0m]
[0m08:13:50.175818 [info ] [MainThread]:   dbt_project.yml file [[31mERROR not found[0m]
[0m08:13:50.176162 [info ] [MainThread]: Required dependencies:
[0m08:13:50.176466 [debug] [MainThread]: Executing "git --help"
[0m08:13:50.178281 [debug] [MainThread]: STDOUT: "b"usage: git [--version] [--help] [-C <path>] [-c <name>=<value>]\n           [--exec-path[=<path>]] [--html-path] [--man-path] [--info-path]\n           [-p | --paginate | -P | --no-pager] [--no-replace-objects] [--bare]\n           [--git-dir=<path>] [--work-tree=<path>] [--namespace=<name>]\n           <command> [<args>]\n\nThese are common Git commands used in various situations:\n\nstart a working area (see also: git help tutorial)\n   clone             Clone a repository into a new directory\n   init              Create an empty Git repository or reinitialize an existing one\n\nwork on the current change (see also: git help everyday)\n   add               Add file contents to the index\n   mv                Move or rename a file, a directory, or a symlink\n   restore           Restore working tree files\n   rm                Remove files from the working tree and from the index\n   sparse-checkout   Initialize and modify the sparse-checkout\n\nexamine the history and state (see also: git help revisions)\n   bisect            Use binary search to find the commit that introduced a bug\n   diff              Show changes between commits, commit and working tree, etc\n   grep              Print lines matching a pattern\n   log               Show commit logs\n   show              Show various types of objects\n   status            Show the working tree status\n\ngrow, mark and tweak your common history\n   branch            List, create, or delete branches\n   commit            Record changes to the repository\n   merge             Join two or more development histories together\n   rebase            Reapply commits on top of another base tip\n   reset             Reset current HEAD to the specified state\n   switch            Switch branches\n   tag               Create, list, delete or verify a tag object signed with GPG\n\ncollaborate (see also: git help workflows)\n   fetch             Download objects and refs from another repository\n   pull              Fetch from and integrate with another repository or a local branch\n   push              Update remote refs along with associated objects\n\n'git help -a' and 'git help -g' list available subcommands and some\nconcept guides. See 'git help <command>' or 'git help <concept>'\nto read about a specific subcommand or concept.\nSee 'git help git' for an overview of the system.\n""
[0m08:13:50.178577 [debug] [MainThread]: STDERR: "b''"
[0m08:13:50.178778 [info ] [MainThread]:  - git [[32mOK found[0m]

[0m08:13:50.178991 [info ] [MainThread]: Connection test skipped since no profile was found
[0m08:13:50.179344 [info ] [MainThread]: [31m2 checks failed:[0m
[0m08:13:50.179741 [info ] [MainThread]: dbt looked for a profiles.yml file in /root/.dbt/profiles.yml, but did
not find one. For more information on configuring your profile, consult the
documentation:

https://docs.getdbt.com/docs/configure-your-profile


[0m08:13:50.180064 [info ] [MainThread]: Project loading failed for the following reason:
 project path </usr/app/dbt_project.yml> not found

[0m08:13:50.181678 [debug] [MainThread]: Resource report: {"command_name": "debug", "command_success": false, "command_wall_clock_time": 0.10018292, "process_in_blocks": "0", "process_kernel_time": 0.167618, "process_mem_max_rss": "87160", "process_out_blocks": "1488", "process_user_time": 0.982853}
[0m08:13:50.182189 [debug] [MainThread]: Command `dbt debug` failed at 08:13:50.182088 after 0.10 seconds
[0m08:13:50.182507 [debug] [MainThread]: Sending event: {'category': 'dbt', 'action': 'invocation', 'label': 'end', 'context': [<snowplow_tracker.self_describing_json.SelfDescribingJson object at 0x778eaa908ef0>, <snowplow_tracker.self_describing_json.SelfDescribingJson object at 0x778eaa3a6180>, <snowplow_tracker.self_describing_json.SelfDescribingJson object at 0x778eaa0ab770>]}
[0m08:13:50.182792 [debug] [MainThread]: Flushing usage events
[0m08:13:51.722771 [debug] [MainThread]: An error was encountered while trying to flush usage events
